c:\users\socce\documents\c++ projects\headstomperz\headstomperz\debug\vc141.pdb
c:\users\socce\documents\c++ projects\headstomperz\headstomperz\debug\vc141.idb
c:\users\socce\documents\c++ projects\headstomperz\headstomperz\debug\component.obj
c:\users\socce\documents\c++ projects\headstomperz\headstomperz\debug\actor.obj
c:\users\socce\documents\c++ projects\headstomperz\headstomperz\debug\camera2d.obj
c:\users\socce\documents\c++ projects\headstomperz\headstomperz\debug\entrypoint.obj
c:\users\socce\documents\c++ projects\headstomperz\headstomperz\debug\game.obj
c:\users\socce\documents\c++ projects\headstomperz\headstomperz\debug\gamewindow.obj
c:\users\socce\documents\c++ projects\headstomperz\headstomperz\debug\contentbase.obj
c:\users\socce\documents\c++ projects\headstomperz\headstomperz\debug\time.obj
c:\users\socce\documents\c++ projects\headstomperz\headstomperz\debug\level.obj
c:\users\socce\documents\c++ projects\headstomperz\headstomperz\debug\spritecomponent.obj
c:\users\socce\documents\c++ projects\headstomperz\headstomperz\debug\shader.obj
c:\users\socce\documents\c++ projects\headstomperz\headstomperz\debug\spritecomponentsystem.obj
c:\users\socce\documents\c++ projects\headstomperz\headstomperz\debug\texture2d.obj
c:\users\socce\documents\c++ projects\headstomperz\headstomperz\debug\transformcomponent.obj
c:\users\socce\documents\c++ projects\headstomperz\debug\headstomperz.exe
c:\users\socce\documents\c++ projects\headstomperz\debug\headstomperz.ilk
c:\users\socce\documents\c++ projects\headstomperz\debug\headstomperz.pdb
c:\users\socce\documents\c++ projects\headstomperz\headstomperz\debug\headstomperz.tlog\cl.command.1.tlog
c:\users\socce\documents\c++ projects\headstomperz\headstomperz\debug\headstomperz.tlog\cl.read.1.tlog
c:\users\socce\documents\c++ projects\headstomperz\headstomperz\debug\headstomperz.tlog\cl.write.1.tlog
c:\users\socce\documents\c++ projects\headstomperz\headstomperz\debug\headstomperz.tlog\link.command.1.tlog
c:\users\socce\documents\c++ projects\headstomperz\headstomperz\debug\headstomperz.tlog\link.read.1.tlog
c:\users\socce\documents\c++ projects\headstomperz\headstomperz\debug\headstomperz.tlog\link.write.1.tlog
